<?xml version="1.0" encoding="UTF-8"?>
<!-- Generated by org.testng.reporters.JUnitReportReporter -->
<testsuite name="testcases.workflows.TestCases" tests="1" time="4.917" ignored="0" failures="0" timestamp="21 Oct 2019 16:42:27 GMT" skipped="0" hostname="RBORA6D2SPC2" errors="0">
  <testcase name="launchTestApp" time="4.917" classname="testcases.workflows.TestCases"/>
</testsuite> <!-- testcases.workflows.TestCases -->
