<?xml version="1.0" encoding="UTF-8"?>
<!-- Generated by org.testng.reporters.JUnitReportReporter -->
<testsuite name="testcases.workflows.CompleteNestleWorkflowTest" tests="3" time="198.855" ignored="35" failures="0" timestamp="18 Apr 2019 08:54:25 GMT" skipped="0" hostname="BANCUSTOMQA01" errors="0">
  <testcase name="CommunityAdmin_Create_Company" time="57.259" classname="testcases.workflows.CompleteNestleWorkflowTest"/>
  <testcase name="CommunityAdmin_Create_Market" time="50.306" classname="testcases.workflows.CompleteNestleWorkflowTest"/>
  <testcase name="Nestle_Community_Creation" time="91.290" classname="testcases.workflows.CompleteNestleWorkflowTest"/>
  <testcase name="CommunityAdmin_Create_Company" classname="testcases.workflows.CompleteNestleWorkflowTest">
    <skipped/>
  </testcase> <!-- CommunityAdmin_Create_Company -->
  <testcase name="CommunityAdmin_Create_Company" classname="testcases.workflows.CompleteNestleWorkflowTest">
    <skipped/>
  </testcase> <!-- CommunityAdmin_Create_Company -->
  <testcase name="CommunityAdmin_Create_Market" classname="testcases.workflows.CompleteNestleWorkflowTest">
    <skipped/>
  </testcase> <!-- CommunityAdmin_Create_Market -->
  <testcase name="CommunityAdmin_Create_Market" classname="testcases.workflows.CompleteNestleWorkflowTest">
    <skipped/>
  </testcase> <!-- CommunityAdmin_Create_Market -->
  <testcase name="Nestle_Community_Creation" classname="testcases.workflows.CompleteNestleWorkflowTest">
    <skipped/>
  </testcase> <!-- Nestle_Community_Creation -->
  <testcase name="Nestle_Community_Creation" classname="testcases.workflows.CompleteNestleWorkflowTest">
    <skipped/>
  </testcase> <!-- Nestle_Community_Creation -->
  <testcase name="CommunityAdmin_Create_MarketAndCompany" classname="testcases.workflows.CompleteNestleWorkflowTest">
    <skipped/>
  </testcase> <!-- CommunityAdmin_Create_MarketAndCompany -->
  <testcase name="CommunityAdmin_Create_MarketAndCompany" classname="testcases.workflows.CompleteNestleWorkflowTest">
    <skipped/>
  </testcase> <!-- CommunityAdmin_Create_MarketAndCompany -->
  <testcase name="CommunityAdmin_Create_MarketAndCompany" classname="testcases.workflows.CompleteNestleWorkflowTest">
    <skipped/>
  </testcase> <!-- CommunityAdmin_Create_MarketAndCompany -->
  <testcase name="orderView_User" classname="testcases.workflows.OrderViewTest">
    <skipped/>
  </testcase> <!-- orderView_User -->
  <testcase name="orderView_User" classname="testcases.workflows.OrderViewTest">
    <skipped/>
  </testcase> <!-- orderView_User -->
  <testcase name="orderView_User" classname="testcases.workflows.OrderViewTest">
    <skipped/>
  </testcase> <!-- orderView_User -->
  <testcase name="orderView_User" classname="testcases.workflows.OrderViewTest">
    <skipped/>
  </testcase> <!-- orderView_User -->
  <testcase name="soapUI_OrderPlace" classname="testcases.workflows.OrderViewTest">
    <skipped/>
  </testcase> <!-- soapUI_OrderPlace -->
  <testcase name="soapUI_OrderPlace" classname="testcases.workflows.OrderViewTest">
    <skipped/>
  </testcase> <!-- soapUI_OrderPlace -->
  <testcase name="soapUI_OrderPlace" classname="testcases.workflows.OrderViewTest">
    <skipped/>
  </testcase> <!-- soapUI_OrderPlace -->
  <testcase name="soapUI_OrderPlace" classname="testcases.workflows.OrderViewTest">
    <skipped/>
  </testcase> <!-- soapUI_OrderPlace -->
  <testcase name="soapUI_DesAdv" classname="testcases.workflows.OrderViewTest">
    <skipped/>
  </testcase> <!-- soapUI_DesAdv -->
  <testcase name="soapUI_DesAdv" classname="testcases.workflows.OrderViewTest">
    <skipped/>
  </testcase> <!-- soapUI_DesAdv -->
  <testcase name="soapUI_DesAdv" classname="testcases.workflows.OrderViewTest">
    <skipped/>
  </testcase> <!-- soapUI_DesAdv -->
  <testcase name="soapUI_DesAdv" classname="testcases.workflows.OrderViewTest">
    <skipped/>
  </testcase> <!-- soapUI_DesAdv -->
  <testcase name="soapUI_InProgress" classname="testcases.workflows.OrderViewTest">
    <skipped/>
  </testcase> <!-- soapUI_InProgress -->
  <testcase name="soapUI_InProgress" classname="testcases.workflows.OrderViewTest">
    <skipped/>
  </testcase> <!-- soapUI_InProgress -->
  <testcase name="soapUI_InProgress" classname="testcases.workflows.OrderViewTest">
    <skipped/>
  </testcase> <!-- soapUI_InProgress -->
  <testcase name="soapUI_InProgress" classname="testcases.workflows.OrderViewTest">
    <skipped/>
  </testcase> <!-- soapUI_InProgress -->
  <testcase name="soapUI_Invoice" classname="testcases.workflows.OrderViewTest">
    <skipped/>
  </testcase> <!-- soapUI_Invoice -->
  <testcase name="soapUI_Invoice" classname="testcases.workflows.OrderViewTest">
    <skipped/>
  </testcase> <!-- soapUI_Invoice -->
  <testcase name="soapUI_Invoice" classname="testcases.workflows.OrderViewTest">
    <skipped/>
  </testcase> <!-- soapUI_Invoice -->
  <testcase name="soapUI_Invoice" classname="testcases.workflows.OrderViewTest">
    <skipped/>
  </testcase> <!-- soapUI_Invoice -->
  <testcase name="CommunityAdmin_PlantConfig" classname="testcases.workflows.ConfigurationTest">
    <skipped/>
  </testcase> <!-- CommunityAdmin_PlantConfig -->
  <testcase name="CommunityAdmin_ReasonCode" classname="testcases.workflows.ConfigurationTest">
    <skipped/>
  </testcase> <!-- CommunityAdmin_ReasonCode -->
  <testcase name="CommunityAdmin_PlantConfig" classname="testcases.workflows.ConfigurationTest">
    <skipped/>
  </testcase> <!-- CommunityAdmin_PlantConfig -->
  <testcase name="CommunityAdmin_ReasonCode" classname="testcases.workflows.ConfigurationTest">
    <skipped/>
  </testcase> <!-- CommunityAdmin_ReasonCode -->
  <testcase name="CommunityAdmin_UOMConfig" classname="testcases.workflows.ConfigurationTest">
    <skipped/>
  </testcase> <!-- CommunityAdmin_UOMConfig -->
  <testcase name="CommunityAdmin_UOMConfig" classname="testcases.workflows.ConfigurationTest">
    <skipped/>
  </testcase> <!-- CommunityAdmin_UOMConfig -->
</testsuite> <!-- testcases.workflows.CompleteNestleWorkflowTest -->
