<?xml version="1.0" encoding="UTF-8"?>
<!-- Generated by org.testng.reporters.JUnitReportReporter -->
<testsuite name="testcases.workflows.ClientSetupTests" tests="2" time="610.574" ignored="19" failures="0" timestamp="03 Jan 2018 04:34:49 GMT" skipped="0" hostname="BANCUSTOMQA05" errors="0">
  <testcase name="CITI_Equity_Client_Creation" time="311.606" classname="testcases.workflows.ClientSetupTests"/>
  <testcase name="CITI_Equity_Parent_Client_Creation" time="298.968" classname="testcases.workflows.ClientSetupTests"/>
  <testcase name="setup_suite_initials" classname="testcases.commontoall.CommonToAllTests">
    <skipped/>
  </testcase> <!-- setup_suite_initials -->
  <testcase name="CITI_Equities_OrderPlacement_OperationsLogin" classname="testcases.workflows.EquityWorkFlowsTests">
    <skipped/>
  </testcase> <!-- CITI_Equities_OrderPlacement_OperationsLogin -->
  <testcase name="CITI_Equities_OrderPlacement_OperationsLogin" classname="testcases.workflows.EquityWorkFlowsTests">
    <skipped/>
  </testcase> <!-- CITI_Equities_OrderPlacement_OperationsLogin -->
  <testcase name="CITI_Equities_OrderPlacement_OperationsLogin" classname="testcases.workflows.EquityWorkFlowsTests">
    <skipped/>
  </testcase> <!-- CITI_Equities_OrderPlacement_OperationsLogin -->
  <testcase name="CITI_Equities_Settled_FX_Pulse" classname="testcases.workflows.EquityWorkFlowsTests">
    <skipped/>
  </testcase> <!-- CITI_Equities_Settled_FX_Pulse -->
  <testcase name="CITI_Equities_Settled_FX_Pulse" classname="testcases.workflows.EquityWorkFlowsTests">
    <skipped/>
  </testcase> <!-- CITI_Equities_Settled_FX_Pulse -->
  <testcase name="CITI_Equities_Settlement_Fix_Swift_Messages_NewUI" classname="testcases.workflows.EquityWorkFlowsTests">
    <skipped/>
  </testcase> <!-- CITI_Equities_Settlement_Fix_Swift_Messages_NewUI -->
  <testcase name="CITI_Equities_Settlement_Fix_Swift_Messages_NewUI" classname="testcases.workflows.EquityWorkFlowsTests">
    <skipped/>
  </testcase> <!-- CITI_Equities_Settlement_Fix_Swift_Messages_NewUI -->
  <testcase name="CITI_Equities_Settlement_Fix_Swift_Messages_NewUI" classname="testcases.workflows.EquityWorkFlowsTests">
    <skipped/>
  </testcase> <!-- CITI_Equities_Settlement_Fix_Swift_Messages_NewUI -->
  <testcase name="CITI_OrderMgt_Audit_Reg_ViewAccessUser" classname="testcases.workflows.EquityWorkFlowsTests">
    <skipped/>
  </testcase> <!-- CITI_OrderMgt_Audit_Reg_ViewAccessUser -->
  <testcase name="CITI_OrderMgt_Audit_Reg_ViewAccessUser" classname="testcases.workflows.EquityWorkFlowsTests">
    <skipped/>
  </testcase> <!-- CITI_OrderMgt_Audit_Reg_ViewAccessUser -->
  <testcase name="CITI_Equities_CGMDropCopy" classname="testcases.workflows.EquityWorkFlowsTests">
    <skipped/>
  </testcase> <!-- CITI_Equities_CGMDropCopy -->
  <testcase name="CITI_Equities_CGMDropCopy" classname="testcases.workflows.EquityWorkFlowsTests">
    <skipped/>
  </testcase> <!-- CITI_Equities_CGMDropCopy -->
  <testcase name="CITI_Funds_Equities_Entitlement_ApplicationAccess" classname="testcases.workflows.EquityWorkFlowsTests">
    <skipped/>
  </testcase> <!-- CITI_Funds_Equities_Entitlement_ApplicationAccess -->
  <testcase name="CITI_Funds_Equities_Entitlement_ApplicationAccess" classname="testcases.workflows.EquityWorkFlowsTests">
    <skipped/>
  </testcase> <!-- CITI_Funds_Equities_Entitlement_ApplicationAccess -->
  <testcase name="CITI_Equities_OrderPlacement_ClientLogin" classname="testcases.workflows.EquityWorkFlowsTests">
    <skipped/>
  </testcase> <!-- CITI_Equities_OrderPlacement_ClientLogin -->
  <testcase name="CITI_Equities_OrderPlacement_ClientLogin" classname="testcases.workflows.EquityWorkFlowsTests">
    <skipped/>
  </testcase> <!-- CITI_Equities_OrderPlacement_ClientLogin -->
  <testcase name="CITI_Equities_Settlement_Fix_Swift_Messages" classname="testcases.workflows.EquityWorkFlowsTests">
    <skipped/>
  </testcase> <!-- CITI_Equities_Settlement_Fix_Swift_Messages -->
  <testcase name="CITI_Equities_Settlement_Fix_Swift_Messages" classname="testcases.workflows.EquityWorkFlowsTests">
    <skipped/>
  </testcase> <!-- CITI_Equities_Settlement_Fix_Swift_Messages -->
</testsuite> <!-- testcases.workflows.ClientSetupTests -->
